# JRE version: Java(TM) SE Runtime Environment (8.0_25-b17) (build 1.8.0_25-b17)
# Java VM: Java HotSpot(TM) 64-Bit Server VM (25.25-b02 mixed mode bsd-amd64 compressed oops)
Heap:
 PSYoungGen      total 531968K, used 130017K [0x000000076ab00000, 0x000000079ee00000, 0x00000007c0000000)
  eden space 522240K, 24% used [0x000000076ab00000,0x00000007729f85a0,0x000000078a900000)
  from space 9728K, 0% used [0x000000078a900000,0x000000078a900000,0x000000078b280000)
  to   space 9728K, 0% used [0x000000079e480000,0x000000079e480000,0x000000079ee00000)
 ParOldGen       total 84992K, used 15333K [0x00000006c0000000, 0x00000006c5300000, 0x000000076ab00000)
  object space 84992K, 18% used [0x00000006c0000000,0x00000006c0ef96e0,0x00000006c5300000)
 Metaspace       used 21135K, capacity 24836K, committed 25088K, reserved 1069056K
  class space    used 4613K, capacity 5773K, committed 5888K, reserved 1048576K
GC Heap History (10 events):
Event: 1.690 GC heap before
{Heap before GC invocations=6 (full 0):
 PSYoungGen      total 141824K, used 139632K [0x000000076ab00000, 0x000000077bd00000, 0x00000007c0000000)
  eden space 131072K, 100% used [0x000000076ab00000,0x0000000772b00000,0x0000000772b00000)
  from space 10752K, 79% used [0x0000000772b00000,0x000000077335c090,0x0000000773580000)
  to   space 9216K, 0% used [0x000000077b400000,0x000000077b400000,0x000000077bd00000)
 ParOldGen       total 175104K, used 56K [0x00000006c0000000, 0x00000006cab00000, 0x000000076ab00000)
  object space 175104K, 0% used [0x00000006c0000000,0x00000006c000e000,0x00000006cab00000)
 Metaspace       used 17280K, capacity 18990K, committed 19328K, reserved 1064960K
  class space    used 3538K, capacity 4121K, committed 4224K, reserved 1048576K
Event: 1.700 GC heap after
Heap after GC invocations=6 (full 0):
 PSYoungGen      total 270336K, used 9184K [0x000000076ab00000, 0x000000077bf00000, 0x00000007c0000000)
  eden space 261120K, 0% used [0x000000076ab00000,0x000000076ab00000,0x000000077aa00000)
  from space 9216K, 99% used [0x000000077b400000,0x000000077bcf8060,0x000000077bd00000)
  to   space 10240K, 0% used [0x000000077aa00000,0x000000077aa00000,0x000000077b400000)
 ParOldGen       total 175104K, used 878K [0x00000006c0000000, 0x00000006cab00000, 0x000000076ab00000)
  object space 175104K, 0% used [0x00000006c0000000,0x00000006c00db908,0x00000006cab00000)
 Metaspace       used 17280K, capacity 18990K, committed 19328K, reserved 1064960K
  class space    used 3538K, capacity 4121K, committed 4224K, reserved 1048576K
}
Event: 1.834 GC heap before
{Heap before GC invocations=7 (full 0):
 PSYoungGen      total 270336K, used 270304K [0x000000076ab00000, 0x000000077bf00000, 0x00000007c0000000)
  eden space 261120K, 100% used [0x000000076ab00000,0x000000077aa00000,0x000000077aa00000)
  from space 9216K, 99% used [0x000000077b400000,0x000000077bcf8060,0x000000077bd00000)
  to   space 10240K, 0% used [0x000000077aa00000,0x000000077aa00000,0x000000077b400000)
 ParOldGen       total 175104K, used 878K [0x00000006c0000000, 0x00000006cab00000, 0x000000076ab00000)
  object space 175104K, 0% used [0x00000006c0000000,0x00000006c00db908,0x00000006cab00000)
 Metaspace       used 17405K, capacity 19248K, committed 19456K, reserved 1064960K
  class space    used 3576K, capacity 4231K, committed 4352K, reserved 1048576K
Event: 1.843 GC heap after
Heap after GC invocations=7 (full 0):
 PSYoungGen      total 271360K, used 7264K [0x000000076ab00000, 0x000000078bd00000, 0x00000007c0000000)
  eden space 261120K, 0% used [0x000000076ab00000,0x000000076ab00000,0x000000077aa00000)
  from space 10240K, 70% used [0x000000077aa00000,0x000000077b118000,0x000000077b400000)
  to   space 10240K, 0% used [0x000000078b300000,0x000000078b300000,0x000000078bd00000)
 ParOldGen       total 175104K, used 5386K [0x00000006c0000000, 0x00000006cab00000, 0x000000076ab00000)
  object space 175104K, 3% used [0x00000006c0000000,0x00000006c0542a30,0x00000006cab00000)
 Metaspace       used 17405K, capacity 19248K, committed 19456K, reserved 1064960K
  class space    used 3576K, capacity 4231K, committed 4352K, reserved 1048576K
}
Event: 2.546 GC heap before
{Heap before GC invocations=8 (full 0):
 PSYoungGen      total 271360K, used 268384K [0x000000076ab00000, 0x000000078bd00000, 0x00000007c0000000)
  eden space 261120K, 100% used [0x000000076ab00000,0x000000077aa00000,0x000000077aa00000)
  from space 10240K, 70% used [0x000000077aa00000,0x000000077b118000,0x000000077b400000)
  to   space 10240K, 0% used [0x000000078b300000,0x000000078b300000,0x000000078bd00000)
 ParOldGen       total 175104K, used 5386K [0x00000006c0000000, 0x00000006cab00000, 0x000000076ab00000)
  object space 175104K, 3% used [0x00000006c0000000,0x00000006c0542a30,0x00000006cab00000)
 Metaspace       used 17424K, capacity 19254K, committed 19456K, reserved 1064960K
  class space    used 3582K, capacity 4232K, committed 4352K, reserved 1048576K
Event: 2.555 GC heap after
Heap after GC invocations=8 (full 0):
 PSYoungGen      total 531456K, used 7600K [0x000000076ab00000, 0x000000078bc00000, 0x00000007c0000000)
  eden space 522240K, 0% used [0x000000076ab00000,0x000000076ab00000,0x000000078a900000)
  from space 9216K, 82% used [0x000000078b300000,0x000000078ba6c010,0x000000078bc00000)
  to   space 9728K, 0% used [0x000000078a900000,0x000000078a900000,0x000000078b280000)
 ParOldGen       total 175104K, used 7370K [0x00000006c0000000, 0x00000006cab00000, 0x000000076ab00000)
  object space 175104K, 4% used [0x00000006c0000000,0x00000006c0732a40,0x00000006cab00000)
 Metaspace       used 17424K, capacity 19254K, committed 19456K, reserved 1064960K
  class space    used 3582K, capacity 4232K, committed 4352K, reserved 1048576K
}
Event: 1686.745 GC heap before
{Heap before GC invocations=9 (full 0):
 PSYoungGen      total 531456K, used 115123K [0x000000076ab00000, 0x000000078bc00000, 0x00000007c0000000)
  eden space 522240K, 20% used [0x000000076ab00000,0x0000000771400dc8,0x000000078a900000)
  from space 9216K, 82% used [0x000000078b300000,0x000000078ba6c010,0x000000078bc00000)
  to   space 9728K, 0% used [0x000000078a900000,0x000000078a900000,0x000000078b280000)
 ParOldGen       total 175104K, used 7370K [0x00000006c0000000, 0x00000006cab00000, 0x000000076ab00000)
  object space 175104K, 4% used [0x00000006c0000000,0x00000006c0732a40,0x00000006cab00000)
 Metaspace       used 18634K, capacity 21224K, committed 21296K, reserved 1067008K
  class space    used 3954K, capacity 4793K, committed 4864K, reserved 1048576K
Event: 1686.753 GC heap after
Heap after GC invocations=9 (full 0):
 PSYoungGen      total 531968K, used 5968K [0x000000076ab00000, 0x000000079ee00000, 0x00000007c0000000)
  eden space 522240K, 0% used [0x000000076ab00000,0x000000076ab00000,0x000000078a900000)
  from space 9728K, 61% used [0x000000078a900000,0x000000078aed4010,0x000000078b280000)
  to   space 9728K, 0% used [0x000000079e480000,0x000000079e480000,0x000000079ee00000)
 ParOldGen       total 175104K, used 9970K [0x00000006c0000000, 0x00000006cab00000, 0x000000076ab00000)
  object space 175104K, 5% used [0x00000006c0000000,0x00000006c09bca90,0x00000006cab00000)
 Metaspace       used 18634K, capacity 21224K, committed 21296K, reserved 1067008K
  class space    used 3954K, capacity 4793K, committed 4864K, reserved 1048576K
}
Event: 1686.753 GC heap before
{Heap before GC invocations=10 (full 1):
 PSYoungGen      total 531968K, used 5968K [0x000000076ab00000, 0x000000079ee00000, 0x00000007c0000000)
  eden space 522240K, 0% used [0x000000076ab00000,0x000000076ab00000,0x000000078a900000)
  from space 9728K, 61% used [0x000000078a900000,0x000000078aed4010,0x000000078b280000)
  to   space 9728K, 0% used [0x000000079e480000,0x000000079e480000,0x000000079ee00000)
 ParOldGen       total 175104K, used 9970K [0x00000006c0000000, 0x00000006cab00000, 0x000000076ab00000)
  object space 175104K, 5% used [0x00000006c0000000,0x00000006c09bca90,0x00000006cab00000)
 Metaspace       used 18634K, capacity 21224K, committed 21296K, reserved 1067008K
  class space    used 3954K, capacity 4793K, committed 4864K, reserved 1048576K
Event: 1686.865 GC heap after
Heap after GC invocations=10 (full 1):
 PSYoungGen      total 531968K, used 0K [0x000000076ab00000, 0x000000079ee00000, 0x00000007c0000000)
  eden space 522240K, 0% used [0x000000076ab00000,0x000000076ab00000,0x000000078a900000)
  from space 9728K, 0% used [0x000000078a900000,0x000000078a900000,0x000000078b280000)
  to   space 9728K, 0% used [0x000000079e480000,0x000000079e480000,0x000000079ee00000)
 ParOldGen       total 84992K, used 15333K [0x00000006c0000000, 0x00000006c5300000, 0x000000076ab00000)
  object space 84992K, 18% used [0x00000006c0000000,0x00000006c0ef96e0,0x00000006c5300000)
 Metaspace       used 18625K, capacity 21206K, committed 21296K, reserved 1067008K
  class space    used 3950K, capacity 4787K, committed 4864K, reserved 1048576K
}

